{"C:\\Users\\Asus\\Desktop\\RevatureProject\\Project_P1\\salem_aouchiche_p1\\backend\\src\\daos\\db.ts": {"path":"C:\\Users\\Asus\\Desktop\\RevatureProject\\Project_P1\\salem_aouchiche_p1\\backend\\src\\daos\\db.ts","statementMap":{"0":{"start":{"line":1,"column":0},"end":{"line":1,"column":26}},"1":{"start":{"line":4,"column":13},"end":{"line":10,"column":3}},"2":{"start":{"line":13,"column":0},"end":{"line":15,"column":3}},"3":{"start":{"line":14,"column":4},"end":{"line":14,"column":59}}},"fnMap":{"0":{"name":"(anonymous_0)","decl":{"start":{"line":13,"column":17},"end":{"line":13,"column":18}},"loc":{"start":{"line":13,"column":28},"end":{"line":15,"column":1}}}},"branchMap":{},"s":{"0":1,"1":1,"2":1,"3":0},"f":{"0":0},"b":{}}
,"C:\\Users\\Asus\\Desktop\\RevatureProject\\Project_P1\\salem_aouchiche_p1\\backend\\src\\daos\\reimbursement-daos.ts": {"path":"C:\\Users\\Asus\\Desktop\\RevatureProject\\Project_P1\\salem_aouchiche_p1\\backend\\src\\daos\\reimbursement-daos.ts","statementMap":{"0":{"start":{"line":2,"column":0},"end":{"line":2,"column":26}},"1":{"start":{"line":18,"column":4},"end":{"line":25,"column":81}},"2":{"start":{"line":28,"column":20},"end":{"line":28,"column":62}},"3":{"start":{"line":29,"column":5},"end":{"line":29,"column":24}},"4":{"start":{"line":6,"column":0},"end":{"line":6,"column":22}},"5":{"start":{"line":34,"column":4},"end":{"line":34,"column":52}},"6":{"start":{"line":35,"column":46},"end":{"line":35,"column":88}},"7":{"start":{"line":37,"column":4},"end":{"line":39,"column":null}},"8":{"start":{"line":38,"column":8},"end":{"line":38,"column":25}},"9":{"start":{"line":41,"column":4},"end":{"line":41,"column":44}},"10":{"start":{"line":42,"column":15},"end":{"line":49,"column":40}},"11":{"start":{"line":51,"column":23},"end":{"line":51,"column":76}},"12":{"start":{"line":52,"column":4},"end":{"line":52,"column":29}},"13":{"start":{"line":53,"column":4},"end":{"line":53,"column":23}},"14":{"start":{"line":32,"column":0},"end":{"line":32,"column":22}},"15":{"start":{"line":60,"column":15},"end":{"line":60,"column":100}},"16":{"start":{"line":61,"column":19},"end":{"line":61,"column":65}},"17":{"start":{"line":62,"column":4},"end":{"line":62,"column":33}},"18":{"start":{"line":59,"column":0},"end":{"line":59,"column":22}},"19":{"start":{"line":76,"column":4},"end":{"line":76,"column":59}},"20":{"start":{"line":77,"column":16},"end":{"line":79,"column":58}},"21":{"start":{"line":81,"column":18},"end":{"line":91,"column":10}},"22":{"start":{"line":93,"column":8},"end":{"line":93,"column":71}},"23":{"start":{"line":95,"column":8},"end":{"line":95,"column":30}},"24":{"start":{"line":74,"column":0},"end":{"line":74,"column":22}},"25":{"start":{"line":109,"column":4},"end":{"line":109,"column":52}},"26":{"start":{"line":111,"column":14},"end":{"line":114,"column":49}},"27":{"start":{"line":115,"column":38},"end":{"line":115,"column":128}},"28":{"start":{"line":117,"column":33},"end":{"line":117,"column":173}},"29":{"start":{"line":118,"column":18},"end":{"line":118,"column":74}},"30":{"start":{"line":121,"column":4},"end":{"line":121,"column":26}},"31":{"start":{"line":108,"column":1},"end":{"line":108,"column":23}}},"fnMap":{"0":{"name":"getAllReimbursements","decl":{"start":{"line":6,"column":22},"end":{"line":6,"column":42}},"loc":{"start":{"line":6,"column":42},"end":{"line":30,"column":null}}},"1":{"name":"getReimbursementById","decl":{"start":{"line":32,"column":22},"end":{"line":32,"column":42}},"loc":{"start":{"line":32,"column":66},"end":{"line":54,"column":null}}},"2":{"name":"reimbursementExists","decl":{"start":{"line":59,"column":22},"end":{"line":59,"column":41}},"loc":{"start":{"line":59,"column":65},"end":{"line":63,"column":null}}},"3":{"name":"saveReimbursement","decl":{"start":{"line":74,"column":22},"end":{"line":74,"column":39}},"loc":{"start":{"line":74,"column":68},"end":{"line":97,"column":null}}},"4":{"name":"updateReimbursement","decl":{"start":{"line":108,"column":23},"end":{"line":108,"column":42}},"loc":{"start":{"line":108,"column":70},"end":{"line":122,"column":null}}}},"branchMap":{"0":{"loc":{"start":{"line":37,"column":4},"end":{"line":39,"column":null}},"type":"if","locations":[{"start":{"line":37,"column":4},"end":{"line":39,"column":null}},{"start":{"line":37,"column":4},"end":{"line":39,"column":null}}]},"1":{"loc":{"start":{"line":115,"column":38},"end":{"line":115,"column":74}},"type":"binary-expr","locations":[{"start":{"line":115,"column":38},"end":{"line":115,"column":74}},{"start":{"line":115,"column":78},"end":{"line":115,"column":128}}]}},"s":{"0":1,"1":0,"2":0,"3":0,"4":1,"5":0,"6":0,"7":0,"8":0,"9":0,"10":0,"11":0,"12":0,"13":0,"14":1,"15":0,"16":0,"17":0,"18":1,"19":0,"20":0,"21":0,"22":0,"23":0,"24":1,"25":0,"26":0,"27":0,"28":0,"29":0,"30":0,"31":1},"f":{"0":0,"1":0,"2":0,"3":0,"4":0},"b":{"0":[0,0],"1":[0,0]}}
,"C:\\Users\\Asus\\Desktop\\RevatureProject\\Project_P1\\salem_aouchiche_p1\\backend\\src\\models\\Reimbursement.ts": {"path":"C:\\Users\\Asus\\Desktop\\RevatureProject\\Project_P1\\salem_aouchiche_p1\\backend\\src\\models\\Reimbursement.ts","statementMap":{"0":{"start":{"line":26,"column":12},"end":{"line":26,"column":67}},"1":{"start":{"line":27,"column":12},"end":{"line":27,"column":67}},"2":{"start":{"line":28,"column":12},"end":{"line":28,"column":70}},"3":{"start":{"line":29,"column":12},"end":{"line":29,"column":70}},"4":{"start":{"line":30,"column":12},"end":{"line":30,"column":72}},"5":{"start":{"line":31,"column":12},"end":{"line":31,"column":69}},"6":{"start":{"line":32,"column":12},"end":{"line":32,"column":68}},"7":{"start":{"line":33,"column":12},"end":{"line":33,"column":69}},"8":{"start":{"line":34,"column":12},"end":{"line":34,"column":70}},"9":{"start":{"line":35,"column":12},"end":{"line":35,"column":69}},"10":{"start":{"line":39,"column":30},"end":{"line":49,"column":null}},"11":{"start":{"line":1,"column":0},"end":{"line":1,"column":13}}},"fnMap":{"0":{"name":"(anonymous_0)","decl":{"start":{"line":14,"column":4},"end":{"line":14,"column":null}},"loc":{"start":{"line":24,"column":42},"end":{"line":36,"column":9}}},"1":{"name":"(anonymous_1)","decl":{"start":{"line":38,"column":4},"end":{"line":38,"column":10}},"loc":{"start":{"line":38,"column":38},"end":{"line":51,"column":9}}}},"branchMap":{},"s":{"0":6,"1":6,"2":6,"3":6,"4":6,"5":6,"6":6,"7":6,"8":6,"9":6,"10":0,"11":1},"f":{"0":6,"1":0},"b":{}}
,"C:\\Users\\Asus\\Desktop\\RevatureProject\\Project_P1\\salem_aouchiche_p1\\backend\\src\\services\\reimbursement-service.ts": {"path":"C:\\Users\\Asus\\Desktop\\RevatureProject\\Project_P1\\salem_aouchiche_p1\\backend\\src\\services\\reimbursement-service.ts","statementMap":{"0":{"start":{"line":1,"column":0},"end":{"line":1,"column":56}},"1":{"start":{"line":2,"column":0},"end":{"line":2,"column":62}},"2":{"start":{"line":9,"column":4},"end":{"line":9,"column":51}},"3":{"start":{"line":8,"column":0},"end":{"line":8,"column":16}},"4":{"start":{"line":13,"column":4},"end":{"line":13,"column":53}},"5":{"start":{"line":12,"column":0},"end":{"line":12,"column":16}},"6":{"start":{"line":18,"column":4},"end":{"line":18,"column":67}},"7":{"start":{"line":20,"column":29},"end":{"line":30,"column":null}},"8":{"start":{"line":34,"column":9},"end":{"line":34,"column":39}},"9":{"start":{"line":36,"column":4},"end":{"line":47,"column":null}},"10":{"start":{"line":41,"column":8},"end":{"line":41,"column":68}},"11":{"start":{"line":46,"column":8},"end":{"line":46,"column":61}},"12":{"start":{"line":46,"column":48},"end":{"line":46,"column":59}},"13":{"start":{"line":17,"column":0},"end":{"line":17,"column":17}},"14":{"start":{"line":52,"column":4},"end":{"line":52,"column":48}},"15":{"start":{"line":53,"column":37},"end":{"line":53,"column":123}},"16":{"start":{"line":54,"column":4},"end":{"line":54,"column":73}},"17":{"start":{"line":56,"column":29},"end":{"line":66,"column":null}},"18":{"start":{"line":70,"column":4},"end":{"line":73,"column":null}},"19":{"start":{"line":71,"column":8},"end":{"line":71,"column":31}},"20":{"start":{"line":74,"column":5},"end":{"line":74,"column":56}},"21":{"start":{"line":75,"column":4},"end":{"line":75,"column":66}},"22":{"start":{"line":51,"column":0},"end":{"line":51,"column":16}}},"fnMap":{"0":{"name":"getAllReimbursements","decl":{"start":{"line":8,"column":16},"end":{"line":8,"column":36}},"loc":{"start":{"line":8,"column":36},"end":{"line":10,"column":1}}},"1":{"name":"getReimbursementById","decl":{"start":{"line":12,"column":16},"end":{"line":12,"column":36}},"loc":{"start":{"line":12,"column":47},"end":{"line":14,"column":1}}},"2":{"name":"saveReimbursement","decl":{"start":{"line":17,"column":17},"end":{"line":17,"column":34}},"loc":{"start":{"line":17,"column":63},"end":{"line":48,"column":1}}},"3":{"name":"(anonymous_9)","decl":{"start":{"line":46,"column":27},"end":{"line":46,"column":28}},"loc":{"start":{"line":46,"column":48},"end":{"line":46,"column":59}}},"4":{"name":"updateReimbursement","decl":{"start":{"line":51,"column":16},"end":{"line":51,"column":35}},"loc":{"start":{"line":51,"column":63},"end":{"line":77,"column":1}}}},"branchMap":{"0":{"loc":{"start":{"line":36,"column":4},"end":{"line":47,"column":null}},"type":"if","locations":[{"start":{"line":36,"column":4},"end":{"line":47,"column":null}},{"start":{"line":36,"column":4},"end":{"line":47,"column":null}}]},"1":{"loc":{"start":{"line":36,"column":7},"end":{"line":36,"column":44}},"type":"binary-expr","locations":[{"start":{"line":36,"column":7},"end":{"line":36,"column":44}},{"start":{"line":36,"column":47},"end":{"line":36,"column":84}},{"start":{"line":37,"column":10},"end":{"line":37,"column":52}},{"start":{"line":38,"column":9},"end":{"line":38,"column":47}},{"start":{"line":38,"column":50},"end":{"line":38,"column":90}},{"start":{"line":39,"column":8},"end":{"line":39,"column":48}},{"start":{"line":39,"column":53},"end":{"line":39,"column":91}}]},"2":{"loc":{"start":{"line":53,"column":37},"end":{"line":53,"column":73}},"type":"binary-expr","locations":[{"start":{"line":53,"column":37},"end":{"line":53,"column":73}},{"start":{"line":53,"column":77},"end":{"line":53,"column":123}}]},"3":{"loc":{"start":{"line":70,"column":4},"end":{"line":73,"column":null}},"type":"if","locations":[{"start":{"line":70,"column":4},"end":{"line":73,"column":null}},{"start":{"line":70,"column":4},"end":{"line":73,"column":null}}]}},"s":{"0":1,"1":1,"2":1,"3":1,"4":1,"5":1,"6":3,"7":3,"8":3,"9":3,"10":2,"11":1,"12":1,"13":1,"14":0,"15":0,"16":0,"17":0,"18":0,"19":0,"20":0,"21":0,"22":1},"f":{"0":1,"1":1,"2":3,"3":1,"4":0},"b":{"0":[2,1],"1":[3,3,3,3,2,2,2],"2":[0,0],"3":[0,0]}}
}
