TN:
SF:src\daos\db.ts
FN:13,(anonymous_0)
FNF:1
FNH:0
FNDA:0,(anonymous_0)
DA:1,2
DA:4,2
DA:13,2
DA:14,0
LF:4
LH:3
BRF:0
BRH:0
end_of_record
TN:
SF:src\daos\reimbursement-daos.ts
FN:6,getAllReimbursements
FN:32,getReimbursementById
FN:59,reimbursementExists
FN:74,saveReimbursement
FN:108,updateReimbursement
FNF:5
FNH:0
FNDA:0,getAllReimbursements
FNDA:0,getReimbursementById
FNDA:0,reimbursementExists
FNDA:0,saveReimbursement
FNDA:0,updateReimbursement
DA:2,1
DA:6,1
DA:18,0
DA:28,0
DA:29,0
DA:32,1
DA:34,0
DA:35,0
DA:37,0
DA:38,0
DA:41,0
DA:42,0
DA:51,0
DA:52,0
DA:53,0
DA:59,1
DA:60,0
DA:61,0
DA:62,0
DA:74,1
DA:76,0
DA:77,0
DA:81,0
DA:93,0
DA:95,0
DA:108,1
DA:109,0
DA:111,0
DA:115,0
DA:117,0
DA:118,0
DA:121,0
LF:32
LH:6
BRDA:37,0,0,0
BRDA:37,0,1,0
BRDA:115,1,0,0
BRDA:115,1,1,0
BRF:4
BRH:0
end_of_record
TN:
SF:src\daos\user-daos.ts
FN:6,getAllUsers
FN:17,getUserById
FN:35,userExists
FN:46,saveUser
FN:67,getUserByEmail
FN:93,verifiedEmail
FNF:6
FNH:0
FNDA:0,getAllUsers
FNDA:0,getUserById
FNDA:0,userExists
FNDA:0,saveUser
FNDA:0,getUserByEmail
FNDA:0,verifiedEmail
DA:2,1
DA:6,1
DA:10,0
DA:13,0
DA:14,0
DA:17,1
DA:18,0
DA:20,0
DA:21,0
DA:25,0
DA:27,0
DA:28,0
DA:29,0
DA:35,1
DA:36,0
DA:37,0
DA:38,0
DA:46,1
DA:47,0
DA:50,0
DA:58,0
DA:59,0
DA:67,1
DA:68,0
DA:71,0
DA:74,0
DA:75,0
DA:76,0
DA:84,0
DA:86,0
DA:87,0
DA:89,0
DA:93,1
DA:95,0
DA:96,0
DA:97,0
LF:36
LH:7
BRDA:20,0,0,0
BRDA:20,0,1,0
BRDA:74,1,0,0
BRDA:74,1,1,0
BRF:4
BRH:0
end_of_record
TN:
SF:src\models\Reimbursement.ts
FN:14,(anonymous_0)
FN:38,(anonymous_1)
FNF:2
FNH:1
FNDA:6,(anonymous_0)
FNDA:0,(anonymous_1)
DA:1,1
DA:26,6
DA:27,6
DA:28,6
DA:29,6
DA:30,6
DA:31,6
DA:32,6
DA:33,6
DA:34,6
DA:35,6
DA:39,0
LF:12
LH:11
BRF:0
BRH:0
end_of_record
TN:
SF:src\models\User.ts
FN:10,(anonymous_0)
FN:22,(anonymous_1)
FNF:2
FNH:1
FNDA:4,(anonymous_0)
FNDA:0,(anonymous_1)
DA:1,1
DA:11,4
DA:12,4
DA:13,4
DA:14,4
DA:15,4
DA:16,4
DA:23,0
DA:30,0
LF:9
LH:7
BRF:0
BRH:0
end_of_record
TN:
SF:src\services\reimbursement-service.ts
FN:8,getAllReimbursements
FN:12,getReimbursementById
FN:17,saveReimbursement
FN:46,(anonymous_9)
FN:51,updateReimbursement
FNF:5
FNH:4
FNDA:1,getAllReimbursements
FNDA:1,getReimbursementById
FNDA:3,saveReimbursement
FNDA:1,(anonymous_9)
FNDA:0,updateReimbursement
DA:1,1
DA:2,1
DA:8,1
DA:9,1
DA:12,1
DA:13,1
DA:17,1
DA:18,3
DA:20,3
DA:34,3
DA:36,3
DA:41,2
DA:46,1
DA:51,1
DA:53,0
DA:56,0
DA:70,0
DA:71,0
DA:75,0
LF:19
LH:14
BRDA:36,0,0,2
BRDA:36,0,1,1
BRDA:36,1,0,3
BRDA:36,1,1,3
BRDA:36,1,2,3
BRDA:36,1,3,3
BRDA:36,1,4,2
BRDA:36,1,5,2
BRDA:36,1,6,2
BRDA:53,2,0,0
BRDA:53,2,1,0
BRDA:70,3,0,0
BRDA:70,3,1,0
BRF:13
BRH:9
end_of_record
TN:
SF:src\services\user-service.ts
FN:5,getAllUsers
FN:10,getUserById
FN:14,getUserByEmail
FN:19,saveUser
FN:38,(anonymous_10)
FNF:5
FNH:4
FNDA:1,getAllUsers
FNDA:1,getUserById
FNDA:1,getUserByEmail
FNDA:2,saveUser
FNDA:0,(anonymous_10)
DA:1,1
DA:2,1
DA:5,1
DA:6,1
DA:10,1
DA:11,1
DA:14,1
DA:15,1
DA:19,1
DA:20,2
DA:22,2
DA:32,2
DA:34,2
DA:38,0
LF:14
LH:13
BRDA:32,0,0,2
BRDA:32,0,1,0
BRDA:32,1,0,2
BRDA:32,1,1,2
BRDA:32,1,2,2
BRDA:32,1,3,2
BRDA:32,1,4,2
BRDA:32,1,5,2
BRF:8
BRH:7
end_of_record
