TN:
SF:src\daos\db.ts
FN:13,(anonymous_0)
FNF:1
FNH:0
FNDA:0,(anonymous_0)
DA:1,1
DA:4,1
DA:13,1
DA:14,0
LF:4
LH:3
BRF:0
BRH:0
end_of_record
TN:
SF:src\daos\reimbursement-daos.ts
FN:6,getAllReimbursements
FN:32,getReimbursementById
FN:59,reimbursementExists
FN:74,saveReimbursement
FN:108,updateReimbursement
FNF:5
FNH:0
FNDA:0,getAllReimbursements
FNDA:0,getReimbursementById
FNDA:0,reimbursementExists
FNDA:0,saveReimbursement
FNDA:0,updateReimbursement
DA:2,1
DA:6,1
DA:18,0
DA:28,0
DA:29,0
DA:32,1
DA:34,0
DA:35,0
DA:37,0
DA:38,0
DA:41,0
DA:42,0
DA:51,0
DA:52,0
DA:53,0
DA:59,1
DA:60,0
DA:61,0
DA:62,0
DA:74,1
DA:76,0
DA:77,0
DA:81,0
DA:93,0
DA:95,0
DA:108,1
DA:109,0
DA:111,0
DA:115,0
DA:117,0
DA:118,0
DA:121,0
LF:32
LH:6
BRDA:37,0,0,0
BRDA:37,0,1,0
BRDA:115,1,0,0
BRDA:115,1,1,0
BRF:4
BRH:0
end_of_record
TN:
SF:src\models\Reimbursement.ts
FN:14,(anonymous_0)
FN:38,(anonymous_1)
FNF:2
FNH:1
FNDA:6,(anonymous_0)
FNDA:0,(anonymous_1)
DA:1,1
DA:26,6
DA:27,6
DA:28,6
DA:29,6
DA:30,6
DA:31,6
DA:32,6
DA:33,6
DA:34,6
DA:35,6
DA:39,0
LF:12
LH:11
BRF:0
BRH:0
end_of_record
TN:
SF:src\services\reimbursement-service.ts
FN:8,getAllReimbursements
FN:12,getReimbursementById
FN:17,saveReimbursement
FN:46,(anonymous_9)
FN:51,updateReimbursement
FNF:5
FNH:4
FNDA:1,getAllReimbursements
FNDA:1,getReimbursementById
FNDA:3,saveReimbursement
FNDA:1,(anonymous_9)
FNDA:0,updateReimbursement
DA:1,1
DA:2,1
DA:8,1
DA:9,1
DA:12,1
DA:13,1
DA:17,1
DA:18,3
DA:20,3
DA:34,3
DA:36,3
DA:41,2
DA:46,1
DA:51,1
DA:52,0
DA:53,0
DA:54,0
DA:56,0
DA:70,0
DA:71,0
DA:74,0
DA:75,0
LF:22
LH:14
BRDA:36,0,0,2
BRDA:36,0,1,1
BRDA:36,1,0,3
BRDA:36,1,1,3
BRDA:36,1,2,3
BRDA:36,1,3,3
BRDA:36,1,4,2
BRDA:36,1,5,2
BRDA:36,1,6,2
BRDA:53,2,0,0
BRDA:53,2,1,0
BRDA:70,3,0,0
BRDA:70,3,1,0
BRF:13
BRH:9
end_of_record
